0 info it worked if it ends with ok
1 verbose cli [ '/usr/local/Cellar/node/5.1.0/bin/node',
1 verbose cli   '/usr/local/bin/npm',
1 verbose cli   'start' ]
2 info using npm@3.3.12
3 info using node@v5.1.0
4 verbose run-script [ 'prestart', 'start', 'poststart' ]
5 info lifecycle EZ-Rental@1.0.0~prestart: EZ-Rental@1.0.0
6 silly lifecycle EZ-Rental@1.0.0~prestart: no script for prestart, continuing
7 info lifecycle EZ-Rental@1.0.0~start: EZ-Rental@1.0.0
8 verbose lifecycle EZ-Rental@1.0.0~start: unsafe-perm in lifecycle true
9 verbose lifecycle EZ-Rental@1.0.0~start: PATH: /usr/local/lib/node_modules/npm/bin/node-gyp-bin:/Users/josephschwarz/Desktop/EZ-Rental/node_modules/.bin:/usr/local/bin:/usr/bin:/bin:/usr/sbin:/sbin:~/.composer/vendor/bin:/Users/josephschwarz/mongodb/bin
10 verbose lifecycle EZ-Rental@1.0.0~start: CWD: /Users/josephschwarz/Desktop/EZ-Rental
11 silly lifecycle EZ-Rental@1.0.0~start: Args: [ '-c', 'nodemon server.js' ]
12 silly lifecycle EZ-Rental@1.0.0~start: Returned: code: 1  signal: null
13 info lifecycle EZ-Rental@1.0.0~start: Failed to exec start script
14 verbose stack Error: EZ-Rental@1.0.0 start: `nodemon server.js`
14 verbose stack Exit status 1
14 verbose stack     at EventEmitter.<anonymous> (/usr/local/lib/node_modules/npm/lib/utils/lifecycle.js:232:16)
14 verbose stack     at emitTwo (events.js:87:13)
14 verbose stack     at EventEmitter.emit (events.js:172:7)
14 verbose stack     at ChildProcess.<anonymous> (/usr/local/lib/node_modules/npm/lib/utils/spawn.js:24:14)
14 verbose stack     at emitTwo (events.js:87:13)
14 verbose stack     at ChildProcess.emit (events.js:172:7)
14 verbose stack     at maybeClose (internal/child_process.js:818:16)
14 verbose stack     at Process.ChildProcess._handle.onexit (internal/child_process.js:211:5)
15 verbose pkgid EZ-Rental@1.0.0
16 verbose cwd /Users/josephschwarz/Desktop/EZ-Rental
17 error Darwin 15.0.0
18 error argv "/usr/local/Cellar/node/5.1.0/bin/node" "/usr/local/bin/npm" "start"
19 error node v5.1.0
20 error npm  v3.3.12
21 error code ELIFECYCLE
22 error EZ-Rental@1.0.0 start: `nodemon server.js`
22 error Exit status 1
23 error Failed at the EZ-Rental@1.0.0 start script 'nodemon server.js'.
23 error Make sure you have the latest version of node.js and npm installed.
23 error If you do, this is most likely a problem with the EZ-Rental package,
23 error not with npm itself.
23 error Tell the author that this fails on your system:
23 error     nodemon server.js
23 error You can get their info via:
23 error     npm owner ls EZ-Rental
23 error There is likely additional logging output above.
24 verbose exit [ 1, true ]
